<!DOCTYPE html>
<html lang="en">
<head>
    <meta charset="UTF-8">
    <title>gradle-basic-dependencies</title>
</head>
<link rel="stylesheet" type="text/css" href="../plugin/LanEditor/LanEditor.css"/>
<link rel="stylesheet" type="text/css" href="../plugin/LanEditor/highlight/styles/idea.css">

<link href="../plugin/SyntaxHighlighter/main.css" rel='stylesheet' type='text/css'>
<link href="../plugin/SyntaxHighlighter/shCore.css" rel='stylesheet' type='text/css'>
<link href="../plugin/SyntaxHighlighter/shThemeDefault.css" rel='stylesheet' type='text/css'>
<link href="../plugin/LanEditor/main.css" rel='stylesheet' type='text/css'>

<script src="../plugin/SyntaxHighlighter/shCore-convert.js" type='text/javascript'></script>
<script src="../plugin/SyntaxHighlighter/shBrushAll.js" type='text/javascript'></script>

<script type="text/javascript" src="../plugin/LanEditor/jquery-1.11.1.min.js"></script>
<script type="text/javascript" src="../plugin/autosize/autosize.bundle.js"></script>
<script type="text/javascript" src="../plugin/LanEditor/LanEditor.js"></script>

<script type="text/javascript">

    window.autosize = require("autosize");

    $(document).ready(function () {
        //初始化 @textelem:编辑区的id @showelem可以省略
        var lan = LanEditor.init({
            textelem: "editor",
            showelem: "show"
        });
        //如果初始化失败，则显示出错信息
        if(lan.status == false){
            alter(lan.message);
            return ;
        }else{
            // 默认保存LanEditor快速指南文件
            // 获取文件创建的时间
            var createTime = LanEditor.Time.GetTimestamp();
            // 文件名
            LanEditor.File.CurOpenFile.name = $(document).attr("title");
            // 创建时间
            LanEditor.File.CurOpenFile.time = createTime;
            // 保存文件
            LanEditor.File.SaveFile();
            // 渲染
            LanEditor.RenderHTML();
        }
    });
</script>
<body>
<div id="edit">
    <textarea id="editor" name="editor">
#### gradle-basic-dependencies

#### Gradle 配置 dependencies

```js
dependencies {
    compile fileTree(dir: 'libs', includes: ['*.jar'])
    compile project(':honjane-demo-library')
    betaCompile 'com.squareup.leakcanary:leakcanary-android:1.3.1'
    betaCompile 'com.github.moduth:blockcanary-ui:1.1.4'
    apt 'com.jakewharton:butterknife-compiler:8.1.1'
}
```

##### 依赖规则： 

例如 

```js
betaCompile 'com.github.moduth:blockcanary-ui:1.1.4'

betaCompile  group: 'com.github.moduth', name: 'blockcanary-ui', version: '1.1.4'  
```

##### 依赖方式有如下几种

 - Compile 

 compile 是对所有的 build type 以及 favlors 都会参与编译并且打包到最终的 apk 文件中。

 - Provided

 Provided 是对所有的 build type 以及 favlors 只在编译时使用，类似 eclipse 中的 external-libs, 只参与编译，不打包到最终 apk。

 - APK

 只会打包到 apk 文件中，而不参与编译，所以不能再代码中直接调用 jar 中的类或方法，否则在编译时会报错。

 - Test compile

 Test compile 仅仅是针对单元测试代码的编译编译以及最终打包测试 apk 时有效，而对正常的 debug 或者 release apk 包不起作用。

 - Debug compile

 Debug compile 仅仅针对 debug 模式的编译和最终的 debug apk 打包。

 - Release compile

 Release compile 仅仅针对 Release 模式的编译和最终的 Release apk 打包。

其中 Test compile、Debug compile、Release compile 是与 buildTypes 对应的几种依赖。

##### 依赖本地文件：

```js
dependencies {
    compile fileTree(dir: 'libs', include: '*.jar')
    provided fileTree(dir: '../honjane-demo-library/libs', include: '*.jar')
    compile(name: 'lib-1.1', ext: 'aar') // 依赖并执行本地 aar 包
}
```

##### 依赖远程文件：

```js
dependencies {
    compile "com.jakewharton:butterknife:8.2.1"
    provided 'com.android.support:support-annotations:23.2.1'
}
```

##### 依赖库工程（多 module）：

```js
compile project(':honjane-demo-library')
```

#### Gradle 依赖项学习总结

Gradle 是一个非常好用的编译工具，特别是继承了 maven 的依赖项管理功能，需要的 Library 不需要像传统 IDE 一样手动下载复制到项目中，只需要简单的写一行 gradle 脚本，就能自动下载下来并编译。

但是有时候会出现各种不明情况的报错，最常见的一种原因就是依赖项版本冲突。

每个模块都可能依赖其他模块，这些模块又会依赖别的模块。而一个项目中的多个模块，对同一个模块的不同版本有依赖，就可能产生冲突。

通过 gradle 命令查看依赖树，可以比较直观的看到冲突。具体方法是在模块所在的目录，也即 build.gradle 所在目录下执行 `gradle dependencies` （需要将 gradle 加入 PATH 环境变量），执行结果如图。

![title](images/gradle-basic-dependencies/gradle-basic-dependencies-001.png)

##### Transitive

Transitiv e用于自动处理子依赖项。默认为 true，gradle 自动添加子依赖项，形成一个多层树形结构；设置为 false，则需要手动添加每个依赖项。

案例

以安卓单元测试 espresso 的配置为例，gradle 依赖如下：

```js
dependencies {
    androidTestCompile('com.android.support.test:runner:0.2')
    androidTestCompile('com.android.support.test:rules:0.2')
    androidTestCompile('com.android.support.test.espresso:espresso-core:2.1')
}
```

运行 gradle dependencies 的结果如下。可以看到每个包的依赖项都被递归分析并添加进来。

```js
+--- com.android.support.test:runner:0.2
|    +--- junit:junit-dep:4.10
|    |    \--- org.hamcrest:hamcrest-core:1.1
|    +--- com.android.support.test:exposed-instrumentation-api-publish:0.2
|    \--- com.android.support:support-annotations:22.0.0
+--- com.android.support.test:rules:0.2
|    \--- com.android.support.test:runner:0.2 (*)
\--- com.android.support.test.espresso:espresso-core:2.1
     +--- com.android.support.test:rules:0.2 (*)
     +--- com.squareup:javawriter:2.1.1
     +--- org.hamcrest:hamcrest-integration:1.1
     |    \--- org.hamcrest:hamcrest-core:1.1
     +--- com.android.support.test.espresso:espresso-idling-resource:2.1
     +--- org.hamcrest:hamcrest-library:1.1
     |    \--- org.hamcrest:hamcrest-core:1.1
     +--- javax.inject:javax.inject:1
     +--- com.google.code.findbugs:jsr305:2.0.1
     +--- com.android.support.test:runner:0.2 (*)
     +--- javax.annotation:javax.annotation-api:1.2
     \--- org.hamcrest:hamcrest-core:1.1
```

##### 统一指定 transitive

可以给 dependencies 统一指定 transitive 为 false，再次执行 dependencies 可以看到如下结果。

```js
configurations.all {
    transitive = false
}

dependencies {
    androidTestCompile('com.android.support.test:runner:0.2')
    androidTestCompile('com.android.support.test:rules:0.2')
    androidTestCompile('com.android.support.test.espresso:espresso-core:2.1')
}
```

```js
+--- com.android.support.test:runner:0.2
+--- com.android.support.test:rules:0.2
\--- com.android.support.test.espresso:espresso-core:2.1
```

##### 单独指定依赖项的 transitive

```js
dependencies {
    androidTestCompile('com.android.support.test:runner:0.2')
    androidTestCompile('com.android.support.test:rules:0.2')
    androidTestCompile('com.android.support.test.espresso:espresso-core:2.1') {
        transitive = false
    }
}
```

##### 版本冲突

在同一个配置下（例如 androidTestCompile），某个模块的不同版本同时被依赖时，默认使用最新版，gradle 同步时不会报错。例如下面的 hamcrest-core 和 runner。

```js
dependencies {
    androidTestCompile('com.android.support.test:runner:0.4')
    androidTestCompile('com.android.support.test:rules:0.2')
    androidTestCompile('com.android.support.test.espresso:espresso-core:2.1')
}
```

```js
+--- com.android.support.test:runner:0.4
|    +--- com.android.support:support-annotations:23.0.1
|    +--- junit:junit:4.12
|    |    \--- org.hamcrest:hamcrest-core:1.3
|    \--- com.android.support.test:exposed-instrumentation-api-publish:0.4
+--- com.android.support.test:rules:0.2
|    \--- com.android.support.test:runner:0.2 -> 0.4 (*)
\--- com.android.support.test.espresso:espresso-core:2.1
     +--- com.android.support.test:rules:0.2 (*)
     +--- com.squareup:javawriter:2.1.1
     +--- org.hamcrest:hamcrest-integration:1.1
     |    \--- org.hamcrest:hamcrest-core:1.1 -> 1.3
     +--- com.android.support.test.espresso:espresso-idling-resource:2.1
     +--- org.hamcrest:hamcrest-library:1.1
     |    \--- org.hamcrest:hamcrest-core:1.1 -> 1.3
     +--- javax.inject:javax.inject:1
     +--- com.google.code.findbugs:jsr305:2.0.1
     +--- com.android.support.test:runner:0.2 -> 0.4 (*)
     +--- javax.annotation:javax.annotation-api:1.2
     \--- org.hamcrest:hamcrest-core:1.1 -> 1.3
```

##### Force

force 强制设置某个模块的版本。

```js
configurations.all {
    resolutionStrategy {
        force 'org.hamcrest:hamcrest-core:1.3'
    }
}
dependencies {
    androidTestCompile('com.android.support.test:runner:0.2')
    androidTestCompile('com.android.support.test:rules:0.2')
    androidTestCompile('com.android.support.test.espresso:espresso-core:2.1')
}
```

可以看到，原本对 hamcrest-core 1.1 的依赖，全部变成了 1.3。

```js
+--- com.android.support.test:runner:0.2
|    +--- junit:junit-dep:4.10
|    |    \--- org.hamcrest:hamcrest-core:1.1 -> 1.3
|    +--- com.android.support.test:exposed-instrumentation-api-publish:0.2
|    \--- com.android.support:support-annotations:22.0.0
+--- com.android.support.test:rules:0.2
|    \--- com.android.support.test:runner:0.2 (*)
\--- com.android.support.test.espresso:espresso-core:2.1
     +--- com.android.support.test:rules:0.2 (*)
     +--- com.squareup:javawriter:2.1.1
     +--- org.hamcrest:hamcrest-integration:1.1
     |    \--- org.hamcrest:hamcrest-core:1.1 -> 1.3
     +--- com.android.support.test.espresso:espresso-idling-resource:2.1
     +--- org.hamcrest:hamcrest-library:1.1
     |    \--- org.hamcrest:hamcrest-core:1.1 -> 1.3
     +--- javax.inject:javax.inject:1
     +--- com.google.code.findbugs:jsr305:2.0.1
     +--- com.android.support.test:runner:0.2 (*)
     +--- javax.annotation:javax.annotation-api:1.2
     \--- org.hamcrest:hamcrest-core:1.1 -> 1.3
```

##### Exclude

Exclude 可以设置不编译指定的模块

```js
configurations {
    all*.exclude group: 'org.hamcrest', module: 'hamcrest-core'
}
dependencies {
    androidTestCompile('com.android.support.test:runner:0.2')
    androidTestCompile('com.android.support.test:rules:0.2')
    androidTestCompile('com.android.support.test.espresso:espresso-core:2.1')
}
```

```js
+--- com.android.support.test:runner:0.2
|    +--- junit:junit-dep:4.10
|    +--- com.android.support.test:exposed-instrumentation-api-publish:0.2
|    \--- com.android.support:support-annotations:22.0.0
+--- com.android.support.test:rules:0.2
|    \--- com.android.support.test:runner:0.2 (*)
\--- com.android.support.test.espresso:espresso-core:2.1
     +--- com.android.support.test:rules:0.2 (*)
     +--- com.squareup:javawriter:2.1.1
     +--- org.hamcrest:hamcrest-integration:1.1
     +--- com.android.support.test.espresso:espresso-idling-resource:2.1
     +--- org.hamcrest:hamcrest-library:1.1
     +--- javax.inject:javax.inject:1
     +--- com.google.code.findbugs:jsr305:2.0.1
     +--- com.android.support.test:runner:0.2 (*)
     \--- javax.annotation:javax.annotation-api:1.2
```

##### 单独使用 group 或 module 参数

exclude 后的参数有 group 和 module，可以分别单独使用，会排除所有匹配项。例如下面的脚本匹配了所有的 group 为 `com.android.support.test` 的模块。

```js
configurations {
    all*.exclude group: 'com.android.support.test'
}
dependencies {
    androidTestCompile('com.android.support.test:runner:0.2')
    androidTestCompile('com.android.support.test:rules:0.2')
    androidTestCompile('com.android.support.test.espresso:espresso-core:2.1')
}
```

```js
\--- com.android.support.test.espresso:espresso-core:2.1
     +--- com.squareup:javawriter:2.1.1
     +--- org.hamcrest:hamcrest-integration:1.1
     |    \--- org.hamcrest:hamcrest-core:1.1
     +--- com.android.support.test.espresso:espresso-idling-resource:2.1
     +--- org.hamcrest:hamcrest-library:1.1
     |    \--- org.hamcrest:hamcrest-core:1.1
     +--- javax.inject:javax.inject:1
     +--- com.google.code.findbugs:jsr305:2.0.1
     +--- javax.annotation:javax.annotation-api:1.2
     \--- org.hamcrest:hamcrest-core:1.1
```

##### 单独给某个模块指定 exclude

```js
dependencies {
    androidTestCompile('com.android.support.test:runner:0.2')
    androidTestCompile('com.android.support.test:rules:0.2')
    androidTestCompile('com.android.support.test.espresso:espresso-core:2.1') {
        exclude group: 'org.hamcrest'
    }
}
```

```js
+--- com.android.support.test:runner:0.2
|    +--- junit:junit-dep:4.10
|    |    \--- org.hamcrest:hamcrest-core:1.1
|    +--- com.android.support.test:exposed-instrumentation-api-publish:0.2
|    \--- com.android.support:support-annotations:22.0.0
+--- com.android.support.test:rules:0.2
|    \--- com.android.support.test:runner:0.2 (*)
\--- com.android.support.test.espresso:espresso-core:2.1
     +--- com.android.support.test:rules:0.2 (*)
     +--- com.squareup:javawriter:2.1.1
     +--- com.android.support.test.espresso:espresso-idling-resource:2.1
     +--- javax.inject:javax.inject:1
     +--- com.google.code.findbugs:jsr305:2.0.1
     +--- com.android.support.test:runner:0.2 (*)
     \--- javax.annotation:javax.annotation-api:1.2
```

##### 不同配置下的版本冲突

同样的配置下的版本冲突，会自动使用最新版；而不同配置下的版本冲突，gradle 同步时会直接报错。可使用 exclude、force 解决冲突。

例如 `compile 'com.android.support:appcompat-v7:23.1.1'` ，和 `androidTestCompile 'com.android.support.test.espresso:espresso-core:2.1'` ，所依赖的`com.android.support:support-annotations` 版本不同，就会导致冲突。

```js
dependencies {
   compile 'com.android.support:appcompat-v7:23.1.1'
   androidTestCompile('com.android.support.test:runner:0.2')
   androidTestCompile('com.android.support.test:rules:0.2')
   androidTestCompile('com.android.support.test.espresso:espresso-core:2.1')
}
```

gradle 同步时会提示

Warning:Conflict with dependency 'com.android.support:support-annotations'. Resolved versions for app and test app differ.

执行 dependencies 会提示

```js
FAILURE: Build failed with an exception.

* What went wrong:
A problem occurred configuring project ':app'.
> Conflict with dependency 'com.android.support:support-annotations'. Resolved versions for app and test app differ.

* Try:
Run with --stacktrace option to get the stack trace. Run with --info or --debug option to get more log output.

BUILD FAILED
```

##### 不兼容

虽然可以通过 force、exclude 等方式避免依赖项版本冲突，使得 grade 同步成功，但是并不能代表编译时没有问题。由于不同版本可能不完全兼容，于是会出现各种奇怪的报错。已知的解决思路是更改包的版本、尝试强制使用不同版本的依赖项，找到可兼容的依赖组合。

报错例如：

```js
com.android.dex.DexException: Multiple dex files define Lorg/hamcrest/MatcherAssert;
at com.android.dx.merge.DexMerger.readSortableTypes(DexMerger.java:596)
at com.android.dx.merge.DexMerger.getSortedTypes(DexMerger.java:554)
at com.android.dx.merge.DexMerger.mergeClassDefs(DexMerger.java:535)
at com.android.dx.merge.DexMerger.mergeDexes(DexMerger.java:171)
at com.android.dx.merge.DexMerger.merge(DexMerger.java:189)
at com.android.dx.command.dexer.Main.mergeLibraryDexBuffers(Main.java:454)
at com.android.dx.command.dexer.Main.runMonoDex(Main.java:303)
at com.android.dx.command.dexer.Main.run(Main.java:246)
at com.android.dx.command.dexer.Main.main(Main.java:215)
at com.android.dx.command.Main.main(Main.java:106)
Error:Execution failed for task ':app:dexDebugAndroidTest'.
> com.android.ide.common.process.ProcessException: org.gradle.process.internal.ExecException: Process 'command '/Library/Java/JavaVirtualMachines/jdk1.8.0_40.jdk/Contents/Home/bin/java'' finished with non-zero exit value 2
BUILD FAILED
```

又例如 Android 执行 Espresso 单元测试时出现：

```js
Running tests
Test running started
java.lang.NoSuchMethodError: org.hamcrest.core.AnyOf.anyOf
at org.hamcrest.Matchers.anyOf(Matchers.java:87)
at android.support.test.espresso.Espresso.<clinit>(Espresso.java:158)
at com.jzj1993.unittest.test.MainActivityEspressoTest.sayHello(MainActivityEspressoTest.java:28)
at java.lang.reflect.Method.invokeNative(Native Method)
at java.lang.reflect.Method.invoke(Method.java:525)
at org.junit.runners.model.FrameworkMethod$1.runReflectiveCall(FrameworkMethod.java:45)
at org.junit.internal.runners.model.ReflectiveCallable.run(ReflectiveCallable.java:15)
at org.junit.runners.model.FrameworkMethod.invokeExplosively(FrameworkMethod.java:42)
at org.junit.internal.runners.statements.InvokeMethod.evaluate(InvokeMethod.java:20)
at android.support.test.internal.statement.UiThreadStatement.evaluate(UiThreadStatement.java:55)
at android.support.test.rule.ActivityTestRule$ActivityStatement.evaluate(ActivityTestRule.java:257)
at org.junit.rules.RunRules.evaluate(RunRules.java:18)
at org.junit.runners.ParentRunner.runLeaf(ParentRunner.java:263)
at org.junit.runners.BlockJUnit4ClassRunner.runChild(BlockJUnit4ClassRunner.java:68)
at org.junit.runners.BlockJUnit4ClassRunner.runChild(BlockJUnit4ClassRunner.java:47)
at org.junit.runners.ParentRunner$3.run(ParentRunner.java:231)
at org.junit.runners.ParentRunner$1.schedule(ParentRunner.java:60)
at org.junit.runners.ParentRunner.runChildren(ParentRunner.java:229)
at org.junit.runners.ParentRunner.access$000(ParentRunner.java:50)
at org.junit.runners.ParentRunner$2.evaluate(ParentRunner.java:222)
at org.junit.runners.ParentRunner.run(ParentRunner.java:300)
at org.junit.runners.Suite.runChild(Suite.java:128)
at org.junit.runners.Suite.runChild(Suite.java:24)
at org.junit.runners.ParentRunner$3.run(ParentRunner.java:231)
at org.junit.runners.ParentRunner$1.schedule(ParentRunner.java:60)
at org.junit.runners.ParentRunner.runChildren(ParentRunner.java:229)
at org.junit.runners.ParentRunner.access$000(ParentRunner.java:50)
at org.junit.runners.ParentRunner$2.evaluate(ParentRunner.java:222)
at org.junit.runners.ParentRunner.run(ParentRunner.java:300)
at org.junit.runner.JUnitCore.run(JUnitCore.java:157)
at org.junit.runner.JUnitCore.run(JUnitCore.java:136)
at android.support.test.internal.runner.TestExecutor.execute(TestExecutor.java:54)
at android.support.test.runner.AndroidJUnitRunner.onStart(AndroidJUnitRunner.java:228)
at android.app.Instrumentation$InstrumentationThread.run(Instrumentation.java:1701)

Finish
```

参考链接：

 - <a href="https://blog.csdn.net/honjane/article/details/52575803" target="_blank">Gradle 配置 dependencies</a>

 - <a href="http://www.paincker.com/gradle-dependencies" target="_blank">Gradle 依赖项学习总结，dependencies、transitive、force、exclude 的使用与依赖冲突解决</a>
	</textarea>
</div>

<div id="show"></div>
</body>
</html>